The system is: Windows - 6.1 - x86
Compiling the C compiler identification source file "CMakeCCompilerId.c" succeeded.
Compiler: D:/Downloads/dev/LLVM 3.4.svn/bin/clang.exe 
Build flags: 
Id flags: -c

The output was:
0


Compilation of the C compiler identification source "CMakeCCompilerId.c" produced "CMakeCCompilerId.o"

The C compiler identification is Clang, found in "C:/Users/massa_senohito/Documents/Visual Studio 11/Projects/ReadCollada/CMakeFiles/CompilerIdC/CMakeCCompilerId.o"

Compiling the CXX compiler identification source file "CMakeCXXCompilerId.cpp" succeeded.
Compiler: D:/Downloads/dev/LLVM 3.4.svn/bin/clang++.exe 
Build flags: 
Id flags: -c

The output was:
0


Compilation of the CXX compiler identification source "CMakeCXXCompilerId.cpp" produced "CMakeCXXCompilerId.o"

The CXX compiler identification is Clang, found in "C:/Users/massa_senohito/Documents/Visual Studio 11/Projects/ReadCollada/CMakeFiles/CompilerIdCXX/CMakeCXXCompilerId.o"

Compiling the C compiler identification source file "CMakeCCompilerId.c" succeeded.
Compiler: D:/Downloads/dev/LLVM 3.4.svn/bin/clang.exe 
Build flags: 
Id flags: -c

The output was:
0


Compilation of the C compiler identification source "CMakeCCompilerId.c" produced "CMakeCCompilerId.o"

The C compiler identification is Clang, found in "C:/Users/massa_senohito/Documents/Visual Studio 11/Projects/ReadCollada/CMakeFiles/CompilerIdC/CMakeCCompilerId.o"

Compiling the CXX compiler identification source file "CMakeCXXCompilerId.cpp" succeeded.
Compiler: D:/Downloads/dev/LLVM 3.4.svn/bin/clang++.exe 
Build flags: 
Id flags: -c

The output was:
0


Compilation of the CXX compiler identification source "CMakeCXXCompilerId.cpp" produced "CMakeCXXCompilerId.o"

The CXX compiler identification is Clang, found in "C:/Users/massa_senohito/Documents/Visual Studio 11/Projects/ReadCollada/CMakeFiles/CompilerIdCXX/CMakeCXXCompilerId.o"

Compiling the C compiler identification source file "CMakeCCompilerId.c" succeeded.
Compiler: D:/Downloads/dev/LLVM 3.4.svn/bin/clang.exe 
Build flags: 
Id flags: -c

The output was:
0


Compilation of the C compiler identification source "CMakeCCompilerId.c" produced "CMakeCCompilerId.o"

The C compiler identification is Clang, found in "C:/Users/massa_senohito/Documents/Visual Studio 11/Projects/ReadCollada/CMakeFiles/CompilerIdC/CMakeCCompilerId.o"

Compiling the CXX compiler identification source file "CMakeCXXCompilerId.cpp" succeeded.
Compiler: D:/Downloads/dev/LLVM 3.4.svn/bin/clang++.exe 
Build flags: 
Id flags: -c

The output was:
0


Compilation of the CXX compiler identification source "CMakeCXXCompilerId.cpp" produced "CMakeCXXCompilerId.o"

The CXX compiler identification is Clang, found in "C:/Users/massa_senohito/Documents/Visual Studio 11/Projects/ReadCollada/CMakeFiles/CompilerIdCXX/CMakeCXXCompilerId.o"

